<?xml version="1.0" encoding="UTF-8"?>
<!-- Generated by org.testng.reporters.JUnitReportReporter -->
<testsuite hostname="TYSS-Prajwal" failures="0" tests="2" name="TestNG.ParallelExecution" time="49.832" errors="0" timestamp="2022-07-14T10:14:06 IST" skipped="0">
  <testcase classname="TestNG.ParallelExecution" name="compatability" time="28.789"/>
  <system-out/>
  <testcase classname="TestNG.ParallelExecution" name="compatability" time="21.043"/>
  <system-out/>
</testsuite> <!-- TestNG.ParallelExecution -->
