<?xml version="1.0" encoding="UTF-8"?>
<!-- Generated by org.testng.reporters.JUnitReportReporter -->
<testsuite hostname="TYSS-Prajwal" failures="0" tests="1" name="TestNG.Actitime" time="7.146" errors="0" timestamp="2022-07-13T07:31:22 IST" skipped="0">
  <testcase classname="TestNG.Actitime" name="Test3" time="7.146"/>
  <system-out/>
</testsuite> <!-- TestNG.Actitime -->
