<?xml version="1.0" encoding="UTF-8"?>
<!-- Generated by org.testng.reporters.JUnitReportReporter -->
<testsuite hostname="TYSS-Prajwal" failures="0" tests="1" name="p.fg" time="34.331" errors="0" timestamp="2022-07-13T09:53:06 IST" skipped="0">
  <testcase classname="p.fg" name="a" time="34.331"/>
  <system-out>
    <![CDATA[Values are equal]]>
  </system-out>
</testsuite> <!-- p.fg -->
