<?xml version="1.0" encoding="UTF-8"?>
<!-- Generated by org.testng.reporters.JUnitReportReporter -->
<testsuite hostname="TYSS-Prajwal" failures="0" tests="2" name="TestNG.CompatabilityTesting" time="19.584" errors="0" timestamp="2022-07-13T07:54:41 IST" skipped="0">
  <testcase classname="TestNG.CompatabilityTesting" name="compatability" time="7.878"/>
  <system-out/>
  <testcase classname="TestNG.CompatabilityTesting" name="compatability" time="11.706"/>
  <system-out/>
</testsuite> <!-- TestNG.CompatabilityTesting -->
