<?xml version="1.0" encoding="UTF-8"?>
<!-- Generated by org.testng.reporters.JUnitReportReporter -->
<testsuite hostname="TYSS-Prajwal" failures="0" tests="1" name="DataDrivenTesting.PropertiesFile" time="0.014" errors="0" timestamp="2022-07-15T07:12:00 IST" skipped="0">
  <testcase classname="DataDrivenTesting.PropertiesFile" name="readDataFromPropertyFile" time="0.014"/>
  <system-out>
    <![CDATA[https://www.fb.com
prajwal
seleniumtrainer]]>
  </system-out>
</testsuite> <!-- DataDrivenTesting.PropertiesFile -->
