<?xml version="1.0" encoding="UTF-8"?>
<!-- Generated by org.testng.reporters.JUnitReportReporter -->
<testsuite hostname="TYSS-Prajwal" failures="0" tests="1" name="TestNG.Test2" time="0.010" errors="0" timestamp="2022-07-12T11:37:42 IST" skipped="0">
  <testcase classname="TestNG.Test2" name="f2" time="0.010"/>
  <system-out>
    <![CDATA[test2]]>
  </system-out>
</testsuite> <!-- TestNG.Test2 -->
