<?xml version="1.0" encoding="UTF-8"?>
<!-- Generated by org.testng.reporters.JUnitReportReporter -->
<testsuite hostname="TYSS-Prajwal" failures="0" tests="1" name="TestNG.Test1" time="0.002" errors="0" timestamp="2022-07-12T11:37:42 IST" skipped="0">
  <testcase classname="TestNG.Test1" name="f1" time="0.002"/>
  <system-out>
    <![CDATA[test1]]>
  </system-out>
</testsuite> <!-- TestNG.Test1 -->
