<?xml version="1.0" encoding="UTF-8"?>
<!-- Generated by org.testng.reporters.JUnitReportReporter -->
<testsuite hostname="TYSS-Prajwal" failures="0" tests="1" name="Asignment.OrangeHRM" time="19.065" errors="0" timestamp="2022-07-14T17:23:11 IST" skipped="0">
  <testcase classname="Asignment.OrangeHRM" name="orangeHRM" time="19.065"/>
  <system-out/>
</testsuite> <!-- Asignment.OrangeHRM -->
